
------------------------
2019.01.31 19:21:51
webform
Array
(
    [first_name] => xcg
    [last_name] => dfhdsh
    [phone] => 456435737
    [email] => sdsg@inbox.ru
    [saved] => 1
)

------------------------

------------------------
2019.01.31 19:21:52
webform result
Array
(
    [result] => 20
    [time] => Array
        (
            [start] => 1548951710.0168
            [finish] => 1548951710.3309
            [duration] => 0.31416201591492
            [processing] => 0.2564070224762
            [date_start] => 2019-01-31T19:21:50+03:00
            [date_finish] => 2019-01-31T19:21:50+03:00
        )

)

------------------------

------------------------
2019.01.31 19:23:22
webform
Array
(
    [first_name] => fdhh
    [last_name] => 
    [phone] => 
    [email] => 
    [saved] => 1
)

------------------------

------------------------
2019.01.31 19:23:22
webform result
Array
(
    [result] => 22
    [time] => Array
        (
            [start] => 1548951800.69
            [finish] => 1548951800.8677
            [duration] => 0.17768406867981
            [processing] => 0.13994097709656
            [date_start] => 2019-01-31T19:23:20+03:00
            [date_finish] => 2019-01-31T19:23:20+03:00
        )

)

------------------------

------------------------
2019.01.31 19:24:10
webform
Array
(
    [first_name] => fdhh909090909090909
    [last_name] => 
    [phone] => 
    [email] => 
    [saved] => 1
)

------------------------

------------------------
2019.01.31 19:24:11
webform result
Array
(
    [result] => 24
    [time] => Array
        (
            [start] => 1548951849.1876
            [finish] => 1548951849.6703
            [duration] => 0.48265600204468
            [processing] => 0.4575400352478
            [date_start] => 2019-01-31T19:24:09+03:00
            [date_finish] => 2019-01-31T19:24:09+03:00
        )

)

------------------------

------------------------
2019.01.31 19:24:41
webform
Array
(
    [first_name] => fdhh909090909090909
    [last_name] => 
    [phone] => 
    [email] => jhgjhgj
    [saved] => 1
)

------------------------

------------------------
2019.01.31 19:24:41
webform result
Array
(
    [error] => 
    [error_description] => Поле "Рабочий e-mail" содержит некорректный адрес.<br />
)

------------------------

------------------------
2019.01.31 19:26:07
webform
Array
(
    [first_name] => dfh
    [last_name] => dsfh
    [phone] => dsfh
    [email] => dfhgdfh
    [saved] => 1
)

------------------------

------------------------
2019.01.31 19:26:07
webform result
Array
(
    [error] => 
    [error_description] => Поле "Рабочий e-mail" содержит некорректный адрес.<br />
)

------------------------

------------------------
2019.01.31 19:28:43
webform
Array
(
    [first_name] => dfh
    [last_name] => dsfh
    [phone] => dsfh
    [email] => dfhgdfh@inbox.ru
    [saved] => 1
)

------------------------

------------------------
2019.01.31 19:28:45
webform result
Array
(
    [result] => 26
    [time] => Array
        (
            [start] => 1548952122.8945
            [finish] => 1548952123.0879
            [duration] => 0.19341993331909
            [processing] => 0.15267109870911
            [date_start] => 2019-01-31T19:28:42+03:00
            [date_finish] => 2019-01-31T19:28:43+03:00
        )

)

------------------------

------------------------
2019.01.31 19:30:50
webform
Array
(
    [first_name] => вава
    [last_name] => ватт
    [phone] => смсмт
    [email] => dgdfshf@inbox.ru
    [saved] => 1
)

------------------------

------------------------
2019.01.31 19:30:51
webform result
Array
(
    [result] => 28
    [time] => Array
        (
            [start] => 1548952248.8158
            [finish] => 1548952248.9869
            [duration] => 0.17117500305176
            [processing] => 0.1413950920105
            [date_start] => 2019-01-31T19:30:48+03:00
            [date_finish] => 2019-01-31T19:30:48+03:00
        )

)

------------------------

------------------------
2019.01.31 19:30:59
webform
Array
(
    [first_name] => вава
    [last_name] => ватт
    [phone] => смсмт
    [email] => dgdfs
    [saved] => 1
)

------------------------

------------------------
2019.01.31 19:30:59
webform result
Array
(
    [error] => 
    [error_description] => Поле "Рабочий e-mail" содержит некорректный адрес.<br />
)

------------------------

------------------------
2019.01.31 19:37:34
webform
Array
(
    [first_name] => gfdh
    [last_name] => dfhgfh
    [phone] => 457575
    [email] => dsfgd@inbox.ru
    [saved] => 1
)

------------------------

------------------------
2019.01.31 19:37:35
webform result
Array
(
    [result] => 30
    [time] => Array
        (
            [start] => 1548952653.4325
            [finish] => 1548952653.6566
            [duration] => 0.22415113449097
            [processing] => 0.18964982032776
            [date_start] => 2019-01-31T19:37:33+03:00
            [date_finish] => 2019-01-31T19:37:33+03:00
        )

)

------------------------

------------------------
2019.01.31 20:29:06
webform
Array
(
    [first_name] => Игорь
    [last_name] => Ваганов
    [phone] => 89125207238
    [email] => dssdg@inbox.ru
    [saved] => 1
)

------------------------

------------------------
2019.01.31 20:29:07
webform result
Array
(
    [result] => 32
    [time] => Array
        (
            [start] => 1548955745.3414
            [finish] => 1548955745.6348
            [duration] => 0.29337310791016
            [processing] => 0.24955105781555
            [date_start] => 2019-01-31T20:29:05+03:00
            [date_finish] => 2019-01-31T20:29:05+03:00
        )

)

------------------------

------------------------
2019.01.31 20:29:56
webform
Array
(
    [first_name] => Игорь
    [last_name] => Ваганов
    [phone] => 89829328957
    [email] => dssdg@inbox.ru
    [saved] => 1
)

------------------------

------------------------
2019.01.31 20:29:57
webform result
Array
(
    [result] => 34
    [time] => Array
        (
            [start] => 1548955795.1159
            [finish] => 1548955795.2325
            [duration] => 0.11662697792053
            [processing] => 0.084599018096924
            [date_start] => 2019-01-31T20:29:55+03:00
            [date_finish] => 2019-01-31T20:29:55+03:00
        )

)

------------------------

------------------------
2019.02.02 13:04:12
webform
Array
(
    [first_name] => dsg
    [last_name] => 
    [phone] => 
    [email] => 
    [saved] => 1
)

------------------------

------------------------
2019.02.02 13:04:12
webform result
Array
(
    [result] => 36
    [time] => Array
        (
            [start] => 1549101852.5435
            [finish] => 1549101852.8605
            [duration] => 0.31696891784668
            [processing] => 0.26739287376404
            [date_start] => 2019-02-02T13:04:12+03:00
            [date_finish] => 2019-02-02T13:04:12+03:00
        )

)

------------------------

------------------------
2019.02.02 13:05:18
webform
Array
(
    [first_name] => вася
    [last_name] => 
    [phone] => 567486789
    [email] => 
    [saved] => 1
)

------------------------

------------------------
2019.02.02 13:05:18
webform result
Array
(
    [result] => 38
    [time] => Array
        (
            [start] => 1549101918.2612
            [finish] => 1549101918.4853
            [duration] => 0.22402095794678
            [processing] => 0.17910099029541
            [date_start] => 2019-02-02T13:05:18+03:00
            [date_finish] => 2019-02-02T13:05:18+03:00
        )

)

------------------------

------------------------
2019.02.02 13:10:04
webform
Array
(
    [first_name] => df
    [last_name] => 
    [phone] => 
    [email] => 
    [saved] => 1
)

------------------------

------------------------
2019.02.02 13:10:04
webform result
Array
(
    [result] => 40
    [time] => Array
        (
            [start] => 1549102204.5237
            [finish] => 1549102204.7603
            [duration] => 0.23660802841187
            [processing] => 0.17376303672791
            [date_start] => 2019-02-02T13:10:04+03:00
            [date_finish] => 2019-02-02T13:10:04+03:00
        )

)

------------------------

------------------------
2019.02.02 13:10:34
webform
Array
(
    [first_name] => 56457
    [last_name] => 
    [phone] => 
    [email] => 
    [saved] => 1
)

------------------------

------------------------
2019.02.02 13:10:34
webform result
Array
(
    [result] => 42
    [time] => Array
        (
            [start] => 1549102234.624
            [finish] => 1549102234.8213
            [duration] => 0.19726610183716
            [processing] => 0.15665102005005
            [date_start] => 2019-02-02T13:10:34+03:00
            [date_finish] => 2019-02-02T13:10:34+03:00
        )

)

------------------------

------------------------
2019.02.03 11:00:18
webform
Array
(
    [first_name] => dsfghdf
    [last_name] => dsfh
    [phone] => 4257657
    [email] => sdfgdfh@inbox.ru
    [saved] => 1
)

------------------------

------------------------
2019.02.03 11:00:18
webform result
Array
(
    [result] => 45
    [time] => Array
        (
            [start] => 1549180818.2163
            [finish] => 1549180818.5743
            [duration] => 0.35797095298767
            [processing] => 0.30213713645935
            [date_start] => 2019-02-03T11:00:18+03:00
            [date_finish] => 2019-02-03T11:00:18+03:00
        )

)

------------------------

------------------------
2019.02.03 11:01:49
webform
Array
(
    [first_name] => dsfghdf
    [last_name] => dsfh
    [phone] => 89829328957
    [email] => sdfgdfh@inbox.ru
    [saved] => 1
)

------------------------

------------------------
2019.02.03 11:01:50
webform result
Array
(
    [result] => 47
    [time] => Array
        (
            [start] => 1549180909.4703
            [finish] => 1549180909.7047
            [duration] => 0.23433494567871
            [processing] => 0.19290900230408
            [date_start] => 2019-02-03T11:01:49+03:00
            [date_finish] => 2019-02-03T11:01:49+03:00
        )

)

------------------------
